<?xml version="1.0" encoding="UTF-8"?>
<testsuite name="ru.pankov.AcceptanceTestSuite" time="154.873" tests="21" errors="1" skipped="6" failures="2">
  <properties>
[...]
</properties>
  <testcase name="BeforeStories" classname="java.lang.Object" time="0.047"/>
  <testcase name="Given пользователь на домашней странице Гугл" classname="ru.pankov.steps.EmailSteps" time="9.18"/>
  <testcase name="When пользователь переходит на страницу аутентификации почты" classname="ru.pankov.steps.EmailSteps" time="4.301"/>
  <testcase name="When вводим почту &apos;pankovtestaplana@gmail.com&apos;" classname="ru.pankov.steps.EmailSteps" time="2.676"/>
  <testcase name="When вводим пароль от почты &apos;kracoz13&apos; и авторизуемся" classname="ru.pankov.steps.EmailSteps" time="10.641"/>
  <testcase name="When Выбираем виджет настроек" classname="ru.pankov.steps.EmailSteps" time="9.78">
    <error message="Timed out after 2 seconds. Element not found&#10;For documentation on this error, please visit: http://seleniumhq.org/exceptions/no_such_element.html&#10;Build info: version: &apos;2.53.1&apos;, revision: &apos;a36b8b1cd5757287168e54b817830adce9b0158d&apos;, time: &apos;2016-06-30 19:26:09&apos;&#10;System info: host: &apos;misha&apos;, ip: &apos;192.168.33.2&apos;, os.name: &apos;Windows 8.1&apos;, os.arch: &apos;x86&apos;, os.version: &apos;6.3&apos;, java.version: &apos;1.8.0_51&apos;&#10;Driver info: driver.version: unknown" type="net.serenitybdd.core.exceptions.SerenityManagedException"><![CDATA[net.serenitybdd.core.exceptions.SerenityManagedException: Timed out after 2 seconds. Element not found
For documentation on this error, please visit: http://seleniumhq.org/exceptions/no_such_element.html
Build info: version: '2.53.1', revision: 'a36b8b1cd5757287168e54b817830adce9b0158d', time: '2016-06-30 19:26:09'
System info: host: 'misha', ip: '192.168.33.2', os.name: 'Windows 8.1', os.arch: 'x86', os.version: '6.3', java.version: '1.8.0_51'
Driver info: driver.version: unknown
	at net.thucydides.core.annotations.locators.SmartAjaxElementLocator.ajaxFindElement(SmartAjaxElementLocator.java:150)
	at net.thucydides.core.annotations.locators.SmartAjaxElementLocator.findElement(SmartAjaxElementLocator.java:102)
	at net.serenitybdd.core.pages.WebElementResolverByElementLocator.resolveForDriver(WebElementResolverByElementLocator.java:27)
	at net.serenitybdd.core.pages.WebElementFacadeImpl.getElement(WebElementFacadeImpl.java:176)
	at net.serenitybdd.core.pages.WebElementFacadeImpl.withTimeoutOf(WebElementFacadeImpl.java:312)
	at net.serenitybdd.core.pages.WebElementFacadeImpl.waitUntilElementAvailable(WebElementFacadeImpl.java:708)
	at net.serenitybdd.core.pages.WebElementFacadeImpl.click(WebElementFacadeImpl.java:947)
	at sun.reflect.NativeMethodAccessorImpl.invoke0(Native Method)
	at sun.reflect.NativeMethodAccessorImpl.invoke(NativeMethodAccessorImpl.java:62)
	at sun.reflect.DelegatingMethodAccessorImpl.invoke(DelegatingMethodAccessorImpl.java:43)
	at java.lang.reflect.Method.invoke(Method.java:497)
	at net.thucydides.core.annotations.locators.AbstractSingleItemHandler.invoke(AbstractSingleItemHandler.java:45)
	at com.sun.proxy.$Proxy23.click(Unknown Source)
	at ru.pankov.pages.GmailPage.clickEdit1(GmailPage.java:34)
	at ru.pankov.steps.serenity.EndUserSteps.enterEditButtonVidget(EndUserSteps.java:23)
	at ru.pankov.steps.serenity.EndUserSteps$$EnhancerByCGLIB$$b485767c.CGLIB$enterEditButtonVidget$12(<generated>)
	at ru.pankov.steps.serenity.EndUserSteps$$EnhancerByCGLIB$$b485767c$$FastClassByCGLIB$$4bfaaa8b.invoke(<generated>)
	at net.sf.cglib.proxy.MethodProxy.invokeSuper(MethodProxy.java:228)
	at net.thucydides.core.steps.StepInterceptor.invokeMethod(StepInterceptor.java:372)
	at net.thucydides.core.steps.StepInterceptor.executeTestStepMethod(StepInterceptor.java:357)
	at net.thucydides.core.steps.StepInterceptor.runTestStep(StepInterceptor.java:332)
	at net.thucydides.core.steps.StepInterceptor.testStepResult(StepInterceptor.java:134)
	at net.thucydides.core.steps.StepInterceptor.intercept(StepInterceptor.java:61)
	at ru.pankov.steps.serenity.EndUserSteps$$EnhancerByCGLIB$$b485767c.enterEditButtonVidget(<generated>)
	at ru.pankov.steps.EmailSteps.whenTheUserClickEditButtonVidget(EmailSteps.java:36)
]]></error>
    <system-out><![CDATA[When �������� ������ �������� (FAILED)
(net.serenitybdd.core.exceptions.SerenityManagedException: Timed out after 2 seconds. Element not found
For documentation on this error, please visit: http://seleniumhq.org/exceptions/no_such_element.html
Build info: version: '2.53.1', revision: 'a36b8b1cd5757287168e54b817830adce9b0158d', time: '2016-06-30 19:26:09'
System info: host: 'misha', ip: '192.168.33.2', os.name: 'Windows 8.1', os.arch: 'x86', os.version: '6.3', java.version: '1.8.0_51'
Driver info: driver.version: unknown)
]]></system-out>
  </testcase>
  <testcase name="When Выбираем вкладку НАСТРОЙКИ в выпадающем списке виджета настроек" classname="ru.pankov.steps.EmailSteps" time="0">
    <skipped/>
    <system-out><![CDATA[When �������� ������� ��������� � ���������� ������ ������� �������� (NOT PERFORMED)
]]></system-out>
  </testcase>
  <testcase name="When Устанавливаем подпись в виде текущей даты" classname="ru.pankov.steps.EmailSteps" time="0">
    <skipped/>
    <system-out><![CDATA[When ������������� ������� � ���� ������� ���� (NOT PERFORMED)
]]></system-out>
  </testcase>
  <testcase name="When меняем чекбокс подписи" classname="ru.pankov.steps.EmailSteps" time="0">
    <skipped/>
    <system-out><![CDATA[When ������ ������� ������� (NOT PERFORMED)
]]></system-out>
  </testcase>
  <testcase name="When Сохраняем изменения в настройках" classname="ru.pankov.steps.EmailSteps" time="0">
    <skipped/>
    <system-out><![CDATA[When ��������� ��������� � ���������� (NOT PERFORMED)
]]></system-out>
  </testcase>
  <testcase name="Then пишем письмо - адрессат: &apos;pankovtestaplana@gmail.com&apos;, текст письма : &apos;Serenity test&apos;,тема письма:&apos;Тест аплана&apos;" classname="ru.pankov.steps.EmailSteps" time="0">
    <skipped/>
    <system-out><![CDATA[Then ����� ������ - ��������: 'pankovtestaplana@gmail.com', ����� ������ : 'Serenity test',���� ������:'���� ������' (NOT PERFORMED)
]]></system-out>
  </testcase>
  <testcase name="Scenario: scenario description" classname="Scenario: scenario description" time="9.905">
    <failure message="scenario failed!" type="java.lang.AssertionError">java.lang.AssertionError: scenario failed!
	at de.codecentric.jbehave.junit.monitoring.JUnitScenarioReporter.afterScenario(JUnitScenarioReporter.java:218)
	at org.jbehave.core.reporters.DelegatingStoryReporter.afterScenario(DelegatingStoryReporter.java:43)
	at org.jbehave.core.reporters.ConcurrentStoryReporter.afterScenario(ConcurrentStoryReporter.java:176)
	at org.jbehave.core.embedder.PerformableTree$PerformableScenario.perform(PerformableTree.java:890)
	at org.jbehave.core.embedder.PerformableTree$PerformableStory.performScenarios(PerformableTree.java:811)
	at org.jbehave.core.embedder.PerformableTree$PerformableStory.perform(PerformableTree.java:784)
	at org.jbehave.core.embedder.PerformableTree.performCancellable(PerformableTree.java:416)
	at org.jbehave.core.embedder.PerformableTree.perform(PerformableTree.java:387)
	at org.jbehave.core.embedder.StoryManager$EnqueuedStory.call(StoryManager.java:291)
	at org.jbehave.core.embedder.StoryManager$EnqueuedStory.call(StoryManager.java:265)
	at java.util.concurrent.FutureTask.run(FutureTask.java:266)
	at java.util.concurrent.ThreadPoolExecutor.runWorker(ThreadPoolExecutor.java:1142)
	at java.util.concurrent.ThreadPoolExecutor$Worker.run(ThreadPoolExecutor.java:617)
	at java.lang.Thread.run(Thread.java:745)
</failure>
    <system-out><![CDATA[
net.serenitybdd.core.exceptions.SerenityManagedException: Timed out after 2 seconds. Element not found
For documentation on this error, please visit: http://seleniumhq.org/exceptions/no_such_element.html
Build info: version: '2.53.1', revision: 'a36b8b1cd5757287168e54b817830adce9b0158d', time: '2016-06-30 19:26:09'
System info: host: 'misha', ip: '192.168.33.2', os.name: 'Windows 8.1', os.arch: 'x86', os.version: '6.3', java.version: '1.8.0_51'
Driver info: driver.version: unknown
	at net.serenitybdd.core.exceptions.SerenityManagedException.detachedCopyOf(SerenityManagedException.java:20)
	at net.thucydides.core.steps.StepInterceptor.runTestStep(StepInterceptor.java:341)
	at net.thucydides.core.steps.StepInterceptor.testStepResult(StepInterceptor.java:134)
	at net.thucydides.core.steps.StepInterceptor.intercept(StepInterceptor.java:61)
	at ru.pankov.steps.serenity.EndUserSteps$$EnhancerByCGLIB$$b485767c.enterEditButtonVidget(<generated>)
	at ru.pankov.steps.EmailSteps.whenTheUserClickEditButtonVidget(EmailSteps.java:36)
	(reflection-invoke)
	at org.jbehave.core.steps.StepCreator$ParametrisedStep.perform(StepCreator.java:599)
	at org.jbehave.core.embedder.PerformableTree$FineSoFar.run(PerformableTree.java:340)
...
]]></system-out>
    <system-err><![CDATA[[pool-1-thread-1] ERROR net.serenitybdd.core.Serenity - 
           __  _____ _____ ____ _____   _____ _    ___ _     _____ ____  
  _       / / |_   _| ____/ ___|_   _| |  ___/ \  |_ _| |   | ____|  _ \ 
 (_)_____| |    | | |  _| \___ \ | |   | |_ / _ \  | || |   |  _| | | | |
  _|_____| |    | | | |___ ___) || |   |  _/ ___ \ | || |___| |___| |_| |
 (_)     | |    |_| |_____|____/ |_|   |_|/_/   \_\___|_____|_____|____/ 
          \_\                                                            

TEST FAILED WITH ERROR: scenario description
---------------------------------------------------------------------
[pool-1-thread-1] ERROR net.serenitybdd.core.Serenity - TEST FAILED AT STEP Enter edit button vidget
[pool-1-thread-1] ERROR net.serenitybdd.core.Serenity - Timed out after 2 seconds. Element not found
]]></system-err>
  </testcase>
  <testcase name="EndCourse.story" classname="EndCourse.story" time="9.936">
    <failure message="story failed!" type="java.lang.AssertionError">java.lang.AssertionError: story failed!
	at de.codecentric.jbehave.junit.monitoring.JUnitScenarioReporter.afterStory(JUnitScenarioReporter.java:143)
	at org.jbehave.core.reporters.DelegatingStoryReporter.afterStory(DelegatingStoryReporter.java:49)
	at org.jbehave.core.reporters.ConcurrentStoryReporter.afterStory(ConcurrentStoryReporter.java:122)
	at org.jbehave.core.embedder.PerformableTree$PerformableStory.perform(PerformableTree.java:792)
	at org.jbehave.core.embedder.PerformableTree.performCancellable(PerformableTree.java:416)
	at org.jbehave.core.embedder.PerformableTree.perform(PerformableTree.java:387)
	at org.jbehave.core.embedder.StoryManager$EnqueuedStory.call(StoryManager.java:291)
	at org.jbehave.core.embedder.StoryManager$EnqueuedStory.call(StoryManager.java:265)
	at java.util.concurrent.FutureTask.run(FutureTask.java:266)
	at java.util.concurrent.ThreadPoolExecutor.runWorker(ThreadPoolExecutor.java:1142)
	at java.util.concurrent.ThreadPoolExecutor$Worker.run(ThreadPoolExecutor.java:617)
	at java.lang.Thread.run(Thread.java:745)
</failure>
    <system-out><![CDATA[
]]></system-out>
  </testcase>
  <testcase name="Given пользователь на домашней странице Гугл​" classname="ru.pankov.steps.EmailSteps" time="2.195"/>
  <testcase name="When пользователь переходит на страницу аутентификации почты​" classname="ru.pankov.steps.EmailSteps" time="1.117"/>
  <testcase name="When вводим почту &apos;pankovtestaplana@gmail.com&apos;​" classname="ru.pankov.steps.EmailSteps" time="2.064"/>
  <testcase name="When вводим пароль от почты &apos;kracoz13&apos; и авторизуемся​" classname="ru.pankov.steps.EmailSteps" time="20.581"/>
  <testcase name="[PENDING] Then пишем письмо - адрессат: &apos;pankovtestaplana@gmail.com&apos;, текст письма : &apos;Serenity test&apos;" classname="[PENDING] Then пишем письмо - адрессат: &apos;pankovtestaplana@gmail.com&apos;, текст письма : &apos;Serenity test&apos;" time="0">
    <skipped/>
    <system-out><![CDATA[Then ����� ������ - ��������: 'pankovtestaplana@gmail.com', ����� ������ : 'Serenity test' (PENDING)
]]></system-out>
    <system-err><![CDATA[[pool-1-thread-1] INFO net.serenitybdd.core.Serenity - TEST PENDING
]]></system-err>
  </testcase>
  <testcase name="Scenario: scenario description​" classname="Scenario: scenario description​" time="22.245"/>
  <testcase name="Story.story" classname="Story.story" time="22.276"/>
  <testcase name="AfterStories" classname="java.lang.Object" time="27.929"/>
</testsuite>