<?xml version="1.0" encoding="UTF-8"?>
<testsuite name="ru.pankov.AcceptanceTestSuite" time="154.873" tests="21" errors="1" skipped="6" failures="2">
  <properties>
    <property name="idea.version" value="2017.1"/>
    <property name="java.runtime.name" value="Java(TM) SE Runtime Environment"/>
    <property name="sun.boot.library.path" value="C:\Program Files (x86)\Java\jdk1.8.0_51\jre\bin"/>
    <property name="java.vm.version" value="25.51-b03"/>
    <property name="java.vm.vendor" value="Oracle Corporation"/>
    <property name="maven.multiModuleProjectDirectory" value="K:\AplanaCourse\AplanaGoogleLoginTest(Serenity)"/>
    <property name="java.vendor.url" value="http://java.oracle.com/"/>
    <property name="path.separator" value=";"/>
    <property name="guice.disable.misplaced.annotation.check" value="true"/>
    <property name="java.vm.name" value="Java HotSpot(TM) Client VM"/>
    <property name="file.encoding.pkg" value="sun.io"/>
    <property name="user.script" value=""/>
    <property name="user.country" value="RU"/>
    <property name="sun.java.launcher" value="SUN_STANDARD"/>
    <property name="sun.os.patch.level" value=""/>
    <property name="java.vm.specification.name" value="Java Virtual Machine Specification"/>
    <property name="user.dir" value="K:\AplanaCourse\AplanaGoogleLoginTest(Serenity)"/>
    <property name="java.runtime.version" value="1.8.0_51-b16"/>
    <property name="java.awt.graphicsenv" value="sun.awt.Win32GraphicsEnvironment"/>
    <property name="java.endorsed.dirs" value="C:\Program Files (x86)\Java\jdk1.8.0_51\jre\lib\endorsed"/>
    <property name="os.arch" value="x86"/>
    <property name="java.io.tmpdir" value="C:\Users\kracoz\AppData\Local\Temp\"/>
    <property name="line.separator" value="&#10;"/>
    <property name="java.vm.specification.vendor" value="Oracle Corporation"/>
    <property name="user.variant" value=""/>
    <property name="os.name" value="Windows 8.1"/>
    <property name="classworlds.conf" value="D:\PROGRAMMING\Maven\bin\m2.conf"/>
    <property name="sun.jnu.encoding" value="Cp1251"/>
    <property name="java.library.path" value="C:\Program Files (x86)\Java\jdk1.8.0_51\bin;C:\Windows\Sun\Java\bin;C:\Windows\system32;C:\Windows;C:\ProgramData\Oracle\Java\javapath;C:\Windows\system32;C:\Windows;C:\Windows\System32\Wbem;C:\Windows\System32\WindowsPowerShell\v1.0\;C:\Program Files (x86)\NVIDIA Corporation\PhysX\Common;C:\Program Files (x86)\Skype\Phone\;D:\Program Files\Git\cmd;D:\PROGRAMMING\Maven\bin;C:\Program Files\Java\jdk1.8.0_51\bin;."/>
    <property name="maven.conf" value="D:\PROGRAMMING\Maven/conf"/>
    <property name="java.specification.name" value="Java Platform API Specification"/>
    <property name="java.class.version" value="52.0"/>
    <property name="sun.management.compiler" value="HotSpot Client Compiler"/>
    <property name="os.version" value="6.3"/>
    <property name="library.jansi.path" value="D:\PROGRAMMING\Maven\lib\jansi-native\windows32"/>
    <property name="user.home" value="C:\Users\kracoz"/>
    <property name="user.timezone" value="Europe/Moscow"/>
    <property name="java.awt.printerjob" value="sun.awt.windows.WPrinterJob"/>
    <property name="java.specification.version" value="1.8"/>
    <property name="file.encoding" value="UTF-8"/>
    <property name="user.name" value="kracoz"/>
    <property name="java.class.path" value="D:\PROGRAMMING\Maven\boot\plexus-classworlds-2.5.2.jar;C:\Program Files (x86)\JetBrains\IntelliJ IDEA 2017.1\lib\idea_rt.jar"/>
    <property name="java.vm.specification.version" value="1.8"/>
    <property name="sun.arch.data.model" value="32"/>
    <property name="java.home" value="C:\Program Files (x86)\Java\jdk1.8.0_51\jre"/>
    <property name="sun.java.command" value="org.codehaus.classworlds.Launcher -Didea.version=2017.1 install -Dwebdriver.chrome.driver=c:\chromedriver.exe"/>
    <property name="java.specification.vendor" value="Oracle Corporation"/>
    <property name="user.language" value="ru"/>
    <property name="awt.toolkit" value="sun.awt.windows.WToolkit"/>
    <property name="java.vm.info" value="mixed mode"/>
    <property name="java.version" value="1.8.0_51"/>
    <property name="java.ext.dirs" value="C:\Program Files (x86)\Java\jdk1.8.0_51\jre\lib\ext;C:\Windows\Sun\Java\lib\ext"/>
    <property name="sun.boot.class.path" value="C:\Program Files (x86)\Java\jdk1.8.0_51\jre\lib\resources.jar;C:\Program Files (x86)\Java\jdk1.8.0_51\jre\lib\rt.jar;C:\Program Files (x86)\Java\jdk1.8.0_51\jre\lib\sunrsasign.jar;C:\Program Files (x86)\Java\jdk1.8.0_51\jre\lib\jsse.jar;C:\Program Files (x86)\Java\jdk1.8.0_51\jre\lib\jce.jar;C:\Program Files (x86)\Java\jdk1.8.0_51\jre\lib\charsets.jar;C:\Program Files (x86)\Java\jdk1.8.0_51\jre\lib\jfr.jar;C:\Program Files (x86)\Java\jdk1.8.0_51\jre\classes"/>
    <property name="webdriver.chrome.driver" value="c:\chromedriver.exe"/>
    <property name="java.vendor" value="Oracle Corporation"/>
    <property name="maven.home" value="D:\PROGRAMMING\Maven"/>
    <property name="file.separator" value="\"/>
    <property name="java.vendor.url.bug" value="http://bugreport.sun.com/bugreport/"/>
    <property name="sun.cpu.endian" value="little"/>
    <property name="sun.io.unicode.encoding" value="UnicodeLittle"/>
    <property name="sun.desktop" value="windows"/>
    <property name="sun.cpu.isalist" value="pentium_pro+mmx pentium_pro pentium+mmx pentium i486 i386 i86"/>
  </properties>
  <testcase name="BeforeStories" classname="java.lang.Object" time="0.047"/>
  <testcase name="Given Ð¿Ð¾Ð»ÑŒÐ·Ð¾Ð²Ð°Ñ‚ÐµÐ»ÑŒ Ð½Ð° Ð´Ð¾Ð¼Ð°ÑˆÐ½ÐµÐ¹ ÑÑ‚Ñ€Ð°Ð½Ð¸Ñ†Ðµ Ð“ÑƒÐ³Ð»" classname="ru.pankov.steps.EmailSteps" time="9.18"/>
  <testcase name="When Ð¿Ð¾Ð»ÑŒÐ·Ð¾Ð²Ð°Ñ‚ÐµÐ»ÑŒ Ð¿ÐµÑ€ÐµÑ…Ð¾Ð´Ð¸Ñ‚ Ð½Ð° ÑÑ‚Ñ€Ð°Ð½Ð¸Ñ†Ñƒ Ð°ÑƒÑ‚ÐµÐ½Ñ‚Ð¸Ñ„Ð¸ÐºÐ°Ñ†Ð¸Ð¸ Ð¿Ð¾Ñ‡Ñ‚Ñ‹" classname="ru.pankov.steps.EmailSteps" time="4.301"/>
  <testcase name="When Ð²Ð²Ð¾Ð´Ð¸Ð¼ Ð¿Ð¾Ñ‡Ñ‚Ñƒ &apos;pankovtestaplana@gmail.com&apos;" classname="ru.pankov.steps.EmailSteps" time="2.676"/>
  <testcase name="When Ð²Ð²Ð¾Ð´Ð¸Ð¼ Ð¿Ð°Ñ€Ð¾Ð»ÑŒ Ð¾Ñ‚ Ð¿Ð¾Ñ‡Ñ‚Ñ‹ &apos;kracoz13&apos; Ð¸ Ð°Ð²Ñ‚Ð¾Ñ€Ð¸Ð·ÑƒÐµÐ¼ÑÑ" classname="ru.pankov.steps.EmailSteps" time="10.641"/>
  <testcase name="When Ð’Ñ‹Ð±Ð¸Ñ€Ð°ÐµÐ¼ Ð²Ð¸Ð´Ð¶ÐµÑ‚ Ð½Ð°ÑÑ‚Ñ€Ð¾ÐµÐº" classname="ru.pankov.steps.EmailSteps" time="9.78">
    <error message="Timed out after 2 seconds. Element not found&#10;For documentation on this error, please visit: http://seleniumhq.org/exceptions/no_such_element.html&#10;Build info: version: &apos;2.53.1&apos;, revision: &apos;a36b8b1cd5757287168e54b817830adce9b0158d&apos;, time: &apos;2016-06-30 19:26:09&apos;&#10;System info: host: &apos;misha&apos;, ip: &apos;192.168.33.2&apos;, os.name: &apos;Windows 8.1&apos;, os.arch: &apos;x86&apos;, os.version: &apos;6.3&apos;, java.version: &apos;1.8.0_51&apos;&#10;Driver info: driver.version: unknown" type="net.serenitybdd.core.exceptions.SerenityManagedException"><![CDATA[net.serenitybdd.core.exceptions.SerenityManagedException: Timed out after 2 seconds. Element not found
For documentation on this error, please visit: http://seleniumhq.org/exceptions/no_such_element.html
Build info: version: '2.53.1', revision: 'a36b8b1cd5757287168e54b817830adce9b0158d', time: '2016-06-30 19:26:09'
System info: host: 'misha', ip: '192.168.33.2', os.name: 'Windows 8.1', os.arch: 'x86', os.version: '6.3', java.version: '1.8.0_51'
Driver info: driver.version: unknown
	at net.thucydides.core.annotations.locators.SmartAjaxElementLocator.ajaxFindElement(SmartAjaxElementLocator.java:150)
	at net.thucydides.core.annotations.locators.SmartAjaxElementLocator.findElement(SmartAjaxElementLocator.java:102)
	at net.serenitybdd.core.pages.WebElementResolverByElementLocator.resolveForDriver(WebElementResolverByElementLocator.java:27)
	at net.serenitybdd.core.pages.WebElementFacadeImpl.getElement(WebElementFacadeImpl.java:176)
	at net.serenitybdd.core.pages.WebElementFacadeImpl.withTimeoutOf(WebElementFacadeImpl.java:312)
	at net.serenitybdd.core.pages.WebElementFacadeImpl.waitUntilElementAvailable(WebElementFacadeImpl.java:708)
	at net.serenitybdd.core.pages.WebElementFacadeImpl.click(WebElementFacadeImpl.java:947)
	at sun.reflect.NativeMethodAccessorImpl.invoke0(Native Method)
	at sun.reflect.NativeMethodAccessorImpl.invoke(NativeMethodAccessorImpl.java:62)
	at sun.reflect.DelegatingMethodAccessorImpl.invoke(DelegatingMethodAccessorImpl.java:43)
	at java.lang.reflect.Method.invoke(Method.java:497)
	at net.thucydides.core.annotations.locators.AbstractSingleItemHandler.invoke(AbstractSingleItemHandler.java:45)
	at com.sun.proxy.$Proxy23.click(Unknown Source)
	at ru.pankov.pages.GmailPage.clickEdit1(GmailPage.java:34)
	at ru.pankov.steps.serenity.EndUserSteps.enterEditButtonVidget(EndUserSteps.java:23)
	at ru.pankov.steps.serenity.EndUserSteps$$EnhancerByCGLIB$$b485767c.CGLIB$enterEditButtonVidget$12(<generated>)
	at ru.pankov.steps.serenity.EndUserSteps$$EnhancerByCGLIB$$b485767c$$FastClassByCGLIB$$4bfaaa8b.invoke(<generated>)
	at net.sf.cglib.proxy.MethodProxy.invokeSuper(MethodProxy.java:228)
	at net.thucydides.core.steps.StepInterceptor.invokeMethod(StepInterceptor.java:372)
	at net.thucydides.core.steps.StepInterceptor.executeTestStepMethod(StepInterceptor.java:357)
	at net.thucydides.core.steps.StepInterceptor.runTestStep(StepInterceptor.java:332)
	at net.thucydides.core.steps.StepInterceptor.testStepResult(StepInterceptor.java:134)
	at net.thucydides.core.steps.StepInterceptor.intercept(StepInterceptor.java:61)
	at ru.pankov.steps.serenity.EndUserSteps$$EnhancerByCGLIB$$b485767c.enterEditButtonVidget(<generated>)
	at ru.pankov.steps.EmailSteps.whenTheUserClickEditButtonVidget(EmailSteps.java:36)
]]></error>
    <system-out><![CDATA[When Âûáèðàåì âèäæåò íàñòðîåê (FAILED)
(net.serenitybdd.core.exceptions.SerenityManagedException: Timed out after 2 seconds. Element not found
For documentation on this error, please visit: http://seleniumhq.org/exceptions/no_such_element.html
Build info: version: '2.53.1', revision: 'a36b8b1cd5757287168e54b817830adce9b0158d', time: '2016-06-30 19:26:09'
System info: host: 'misha', ip: '192.168.33.2', os.name: 'Windows 8.1', os.arch: 'x86', os.version: '6.3', java.version: '1.8.0_51'
Driver info: driver.version: unknown)
]]></system-out>
  </testcase>
  <testcase name="When Ð’Ñ‹Ð±Ð¸Ñ€Ð°ÐµÐ¼ Ð²ÐºÐ»Ð°Ð´ÐºÑƒ ÐÐÐ¡Ð¢Ð ÐžÐ™ÐšÐ˜ Ð² Ð²Ñ‹Ð¿Ð°Ð´Ð°ÑŽÑ‰ÐµÐ¼ ÑÐ¿Ð¸ÑÐºÐµ Ð²Ð¸Ð´Ð¶ÐµÑ‚Ð° Ð½Ð°ÑÑ‚Ñ€Ð¾ÐµÐº" classname="ru.pankov.steps.EmailSteps" time="0">
    <skipped/>
    <system-out><![CDATA[When Âûáèðàåì âêëàäêó ÍÀÑÒÐÎÉÊÈ â âûïàäàþùåì ñïèñêå âèäæåòà íàñòðîåê (NOT PERFORMED)
]]></system-out>
  </testcase>
  <testcase name="When Ð£ÑÑ‚Ð°Ð½Ð°Ð²Ð»Ð¸Ð²Ð°ÐµÐ¼ Ð¿Ð¾Ð´Ð¿Ð¸ÑÑŒ Ð² Ð²Ð¸Ð´Ðµ Ñ‚ÐµÐºÑƒÑ‰ÐµÐ¹ Ð´Ð°Ñ‚Ñ‹" classname="ru.pankov.steps.EmailSteps" time="0">
    <skipped/>
    <system-out><![CDATA[When Óñòàíàâëèâàåì ïîäïèñü â âèäå òåêóùåé äàòû (NOT PERFORMED)
]]></system-out>
  </testcase>
  <testcase name="When Ð¼ÐµÐ½ÑÐµÐ¼ Ñ‡ÐµÐºÐ±Ð¾ÐºÑ Ð¿Ð¾Ð´Ð¿Ð¸ÑÐ¸" classname="ru.pankov.steps.EmailSteps" time="0">
    <skipped/>
    <system-out><![CDATA[When ìåíÿåì ÷åêáîêñ ïîäïèñè (NOT PERFORMED)
]]></system-out>
  </testcase>
  <testcase name="When Ð¡Ð¾Ñ…Ñ€Ð°Ð½ÑÐµÐ¼ Ð¸Ð·Ð¼ÐµÐ½ÐµÐ½Ð¸Ñ Ð² Ð½Ð°ÑÑ‚Ñ€Ð¾Ð¹ÐºÐ°Ñ…" classname="ru.pankov.steps.EmailSteps" time="0">
    <skipped/>
    <system-out><![CDATA[When Ñîõðàíÿåì èçìåíåíèÿ â íàñòðîéêàõ (NOT PERFORMED)
]]></system-out>
  </testcase>
  <testcase name="Then Ð¿Ð¸ÑˆÐµÐ¼ Ð¿Ð¸ÑÑŒÐ¼Ð¾ - Ð°Ð´Ñ€ÐµÑÑÐ°Ñ‚: &apos;pankovtestaplana@gmail.com&apos;, Ñ‚ÐµÐºÑÑ‚ Ð¿Ð¸ÑÑŒÐ¼Ð° : &apos;Serenity test&apos;,Ñ‚ÐµÐ¼Ð° Ð¿Ð¸ÑÑŒÐ¼Ð°:&apos;Ð¢ÐµÑÑ‚ Ð°Ð¿Ð»Ð°Ð½Ð°&apos;" classname="ru.pankov.steps.EmailSteps" time="0">
    <skipped/>
    <system-out><![CDATA[Then ïèøåì ïèñüìî - àäðåññàò: 'pankovtestaplana@gmail.com', òåêñò ïèñüìà : 'Serenity test',òåìà ïèñüìà:'Òåñò àïëàíà' (NOT PERFORMED)
]]></system-out>
  </testcase>
  <testcase name="Scenario: scenario description" classname="Scenario: scenario description" time="9.905">
    <failure message="scenario failed!" type="java.lang.AssertionError">java.lang.AssertionError: scenario failed!
	at de.codecentric.jbehave.junit.monitoring.JUnitScenarioReporter.afterScenario(JUnitScenarioReporter.java:218)
	at org.jbehave.core.reporters.DelegatingStoryReporter.afterScenario(DelegatingStoryReporter.java:43)
	at org.jbehave.core.reporters.ConcurrentStoryReporter.afterScenario(ConcurrentStoryReporter.java:176)
	at org.jbehave.core.embedder.PerformableTree$PerformableScenario.perform(PerformableTree.java:890)
	at org.jbehave.core.embedder.PerformableTree$PerformableStory.performScenarios(PerformableTree.java:811)
	at org.jbehave.core.embedder.PerformableTree$PerformableStory.perform(PerformableTree.java:784)
	at org.jbehave.core.embedder.PerformableTree.performCancellable(PerformableTree.java:416)
	at org.jbehave.core.embedder.PerformableTree.perform(PerformableTree.java:387)
	at org.jbehave.core.embedder.StoryManager$EnqueuedStory.call(StoryManager.java:291)
	at org.jbehave.core.embedder.StoryManager$EnqueuedStory.call(StoryManager.java:265)
	at java.util.concurrent.FutureTask.run(FutureTask.java:266)
	at java.util.concurrent.ThreadPoolExecutor.runWorker(ThreadPoolExecutor.java:1142)
	at java.util.concurrent.ThreadPoolExecutor$Worker.run(ThreadPoolExecutor.java:617)
	at java.lang.Thread.run(Thread.java:745)
</failure>
    <system-out><![CDATA[
net.serenitybdd.core.exceptions.SerenityManagedException: Timed out after 2 seconds. Element not found
For documentation on this error, please visit: http://seleniumhq.org/exceptions/no_such_element.html
Build info: version: '2.53.1', revision: 'a36b8b1cd5757287168e54b817830adce9b0158d', time: '2016-06-30 19:26:09'
System info: host: 'misha', ip: '192.168.33.2', os.name: 'Windows 8.1', os.arch: 'x86', os.version: '6.3', java.version: '1.8.0_51'
Driver info: driver.version: unknown
	at net.serenitybdd.core.exceptions.SerenityManagedException.detachedCopyOf(SerenityManagedException.java:20)
	at net.thucydides.core.steps.StepInterceptor.runTestStep(StepInterceptor.java:341)
	at net.thucydides.core.steps.StepInterceptor.testStepResult(StepInterceptor.java:134)
	at net.thucydides.core.steps.StepInterceptor.intercept(StepInterceptor.java:61)
	at ru.pankov.steps.serenity.EndUserSteps$$EnhancerByCGLIB$$b485767c.enterEditButtonVidget(<generated>)
	at ru.pankov.steps.EmailSteps.whenTheUserClickEditButtonVidget(EmailSteps.java:36)
	(reflection-invoke)
	at org.jbehave.core.steps.StepCreator$ParametrisedStep.perform(StepCreator.java:599)
	at org.jbehave.core.embedder.PerformableTree$FineSoFar.run(PerformableTree.java:340)
...
]]></system-out>
    <system-err><![CDATA[[pool-1-thread-1] ERROR net.serenitybdd.core.Serenity - 
           __  _____ _____ ____ _____   _____ _    ___ _     _____ ____  
  _       / / |_   _| ____/ ___|_   _| |  ___/ \  |_ _| |   | ____|  _ \ 
 (_)_____| |    | | |  _| \___ \ | |   | |_ / _ \  | || |   |  _| | | | |
  _|_____| |    | | | |___ ___) || |   |  _/ ___ \ | || |___| |___| |_| |
 (_)     | |    |_| |_____|____/ |_|   |_|/_/   \_\___|_____|_____|____/ 
          \_\                                                            

TEST FAILED WITH ERROR: scenario description
---------------------------------------------------------------------
[pool-1-thread-1] ERROR net.serenitybdd.core.Serenity - TEST FAILED AT STEP Enter edit button vidget
[pool-1-thread-1] ERROR net.serenitybdd.core.Serenity - Timed out after 2 seconds. Element not found
]]></system-err>
  </testcase>
  <testcase name="EndCourse.story" classname="EndCourse.story" time="9.936">
    <failure message="story failed!" type="java.lang.AssertionError">java.lang.AssertionError: story failed!
	at de.codecentric.jbehave.junit.monitoring.JUnitScenarioReporter.afterStory(JUnitScenarioReporter.java:143)
	at org.jbehave.core.reporters.DelegatingStoryReporter.afterStory(DelegatingStoryReporter.java:49)
	at org.jbehave.core.reporters.ConcurrentStoryReporter.afterStory(ConcurrentStoryReporter.java:122)
	at org.jbehave.core.embedder.PerformableTree$PerformableStory.perform(PerformableTree.java:792)
	at org.jbehave.core.embedder.PerformableTree.performCancellable(PerformableTree.java:416)
	at org.jbehave.core.embedder.PerformableTree.perform(PerformableTree.java:387)
	at org.jbehave.core.embedder.StoryManager$EnqueuedStory.call(StoryManager.java:291)
	at org.jbehave.core.embedder.StoryManager$EnqueuedStory.call(StoryManager.java:265)
	at java.util.concurrent.FutureTask.run(FutureTask.java:266)
	at java.util.concurrent.ThreadPoolExecutor.runWorker(ThreadPoolExecutor.java:1142)
	at java.util.concurrent.ThreadPoolExecutor$Worker.run(ThreadPoolExecutor.java:617)
	at java.lang.Thread.run(Thread.java:745)
</failure>
    <system-out><![CDATA[
]]></system-out>
  </testcase>
  <testcase name="Given Ð¿Ð¾Ð»ÑŒÐ·Ð¾Ð²Ð°Ñ‚ÐµÐ»ÑŒ Ð½Ð° Ð´Ð¾Ð¼Ð°ÑˆÐ½ÐµÐ¹ ÑÑ‚Ñ€Ð°Ð½Ð¸Ñ†Ðµ Ð“ÑƒÐ³Ð»â€‹" classname="ru.pankov.steps.EmailSteps" time="2.195"/>
  <testcase name="When Ð¿Ð¾Ð»ÑŒÐ·Ð¾Ð²Ð°Ñ‚ÐµÐ»ÑŒ Ð¿ÐµÑ€ÐµÑ…Ð¾Ð´Ð¸Ñ‚ Ð½Ð° ÑÑ‚Ñ€Ð°Ð½Ð¸Ñ†Ñƒ Ð°ÑƒÑ‚ÐµÐ½Ñ‚Ð¸Ñ„Ð¸ÐºÐ°Ñ†Ð¸Ð¸ Ð¿Ð¾Ñ‡Ñ‚Ñ‹â€‹" classname="ru.pankov.steps.EmailSteps" time="1.117"/>
  <testcase name="When Ð²Ð²Ð¾Ð´Ð¸Ð¼ Ð¿Ð¾Ñ‡Ñ‚Ñƒ &apos;pankovtestaplana@gmail.com&apos;â€‹" classname="ru.pankov.steps.EmailSteps" time="2.064"/>
  <testcase name="When Ð²Ð²Ð¾Ð´Ð¸Ð¼ Ð¿Ð°Ñ€Ð¾Ð»ÑŒ Ð¾Ñ‚ Ð¿Ð¾Ñ‡Ñ‚Ñ‹ &apos;kracoz13&apos; Ð¸ Ð°Ð²Ñ‚Ð¾Ñ€Ð¸Ð·ÑƒÐµÐ¼ÑÑâ€‹" classname="ru.pankov.steps.EmailSteps" time="20.581"/>
  <testcase name="[PENDING] Then Ð¿Ð¸ÑˆÐµÐ¼ Ð¿Ð¸ÑÑŒÐ¼Ð¾ - Ð°Ð´Ñ€ÐµÑÑÐ°Ñ‚: &apos;pankovtestaplana@gmail.com&apos;, Ñ‚ÐµÐºÑÑ‚ Ð¿Ð¸ÑÑŒÐ¼Ð° : &apos;Serenity test&apos;" classname="[PENDING] Then Ð¿Ð¸ÑˆÐµÐ¼ Ð¿Ð¸ÑÑŒÐ¼Ð¾ - Ð°Ð´Ñ€ÐµÑÑÐ°Ñ‚: &apos;pankovtestaplana@gmail.com&apos;, Ñ‚ÐµÐºÑÑ‚ Ð¿Ð¸ÑÑŒÐ¼Ð° : &apos;Serenity test&apos;" time="0">
    <skipped/>
    <system-out><![CDATA[Then ïèøåì ïèñüìî - àäðåññàò: 'pankovtestaplana@gmail.com', òåêñò ïèñüìà : 'Serenity test' (PENDING)
]]></system-out>
    <system-err><![CDATA[[pool-1-thread-1] INFO net.serenitybdd.core.Serenity - TEST PENDING
]]></system-err>
  </testcase>
  <testcase name="Scenario: scenario descriptionâ€‹" classname="Scenario: scenario descriptionâ€‹" time="22.245"/>
  <testcase name="Story.story" classname="Story.story" time="22.276"/>
  <testcase name="AfterStories" classname="java.lang.Object" time="27.929"/>
</testsuite>