<?xml version="1.0" encoding="UTF-8"?>
<testsuite name="ru.pankov.AcceptanceTestSuite" time="31.09" tests="9" errors="0" skipped="0" failures="0">
  <properties>
[...]
</properties>
  <testcase name="BeforeStories" classname="java.lang.Object" time="0.134"/>
  <testcase name="Given пользователь на домашней странице Гугл" classname="ru.pankov.steps.EmailSteps" time="13.103"/>
  <testcase name="When пользователь переходит на страницу аутентификации почты" classname="ru.pankov.steps.EmailSteps" time="1.535"/>
  <testcase name="When вводим почту &apos;pankovtestaplana@gmail.com&apos;" classname="ru.pankov.steps.EmailSteps" time="1.414"/>
  <testcase name="When вводим пароль от почты &apos;kracoz13&apos; и авторизуемся" classname="ru.pankov.steps.EmailSteps" time="1.37"/>
  <testcase name="Then пишем письмо - адрессат: &apos;pankovtestaplana@gmail.com&apos;, текст письма : &apos;Serenity test&apos;" classname="ru.pankov.steps.EmailSteps" time="4.317"/>
  <testcase name="Scenario: scenario description" classname="Scenario: scenario description" time="4.56"/>
  <testcase name="Story.story" classname="Story.story" time="4.656"/>
  <testcase name="AfterStories" classname="java.lang.Object" time="0.001"/>
</testsuite>