<?xml version="1.0" encoding="UTF-8"?>
<testsuite name="ru.aplana.AcceptanceTestSuite" time="27.907" tests="19" errors="0" skipped="0" failures="0">
  <properties>
[...]
</properties>
  <testcase name="BeforeStories" classname="java.lang.Object" time="0.002"/>
  <testcase name="Given пользователь открывает главную страницу VK" classname="ru.aplana.steps.DefinitionSteps" time="5.004"/>
  <testcase name="When пользователь вводит login: &apos;89169577765&apos; и password: &apos;Сложныйпароль&apos;" classname="ru.aplana.steps.DefinitionSteps" time="2.976"/>
  <testcase name="Then происходит авторизация пользователя" classname="ru.aplana.steps.DefinitionSteps" time="0.418"/>
  <testcase name="When поиск пользователя: &apos;Корнеев Влад&apos; страна: &apos;Россия&apos; город: &apos;Москва&apos;" classname="ru.aplana.steps.DefinitionSteps" time="4.547"/>
  <testcase name="Then будут найдены пользователи согласно условиям" classname="ru.aplana.steps.DefinitionSteps" time="0.508"/>
  <testcase name="Scenario: Авторизация на vk.com, поиск человека по параметрам, используя выпадающие списки, проверка результатов поиска" classname="Scenario: Авторизация на vk.com, поиск человека по параметрам, используя выпадающие списки, проверка результатов поиска" time="0.574"/>
  <testcase name="LookupADefinition.story" classname="LookupADefinition.story" time="0.574"/>
  <testcase name="Given пользователь открывает главную страницу VK​" classname="ru.aplana.steps.DefinitionSteps" time="3.472"/>
  <testcase name="When пользователь вводит login: &apos;89169577765&apos; и password: &apos;Сложныйпароль&apos;​" classname="ru.aplana.steps.DefinitionSteps" time="3.047"/>
  <testcase name="Then происходит авторизация пользователя и заголовок страницы &apos;Новости&apos;" classname="ru.aplana.steps.DefinitionSteps" time="0.523"/>
  <testcase name="When пользователь переходит в настройки" classname="ru.aplana.steps.DefinitionSteps" time="0.847"/>
  <testcase name="When пользователь изменяет дату рождения на текущую - &apos;27&apos; лет" classname="ru.aplana.steps.DefinitionSteps" time="1.337"/>
  <testcase name="Then появляется сообщение &apos;Изменения сохранены.&apos;" classname="ru.aplana.steps.DefinitionSteps" time="0.452"/>
  <testcase name="When пользователь переходит на страницу профиля" classname="ru.aplana.steps.DefinitionSteps" time="0.92"/>
  <testcase name="Then дата рождения равна текущей за вычетом необходимого кол-ва лет" classname="ru.aplana.steps.DefinitionSteps" time="0.518"/>
  <testcase name="Scenario: Авторизация на vk.com, изменение даты рождения, проверка даты рождения на главной странице" classname="Scenario: Авторизация на vk.com, изменение даты рождения, проверка даты рождения на главной странице" time="0.547"/>
  <testcase name="Testing.story" classname="Testing.story" time="0.547"/>
  <testcase name="AfterStories" classname="java.lang.Object" time="1.094"/>
</testsuite>