<?xml version="1.0" encoding="UTF-8"?>
<testsuite name="ru.aplana.AcceptanceTestSuite" time="26.831" tests="9" errors="0" skipped="0" failures="0">
  <properties>
[...]
</properties>
  <testcase name="BeforeStories" classname="java.lang.Object" time="0.16"/>
  <testcase name="Given пользователь открывает главную страницу VK" classname="ru.aplana.steps.DefinitionSteps" time="9.322"/>
  <testcase name="When пользователь вводит login: &apos;89169577765&apos; и password: &apos;Сложныйпароль&apos;" classname="ru.aplana.steps.DefinitionSteps" time="5.691"/>
  <testcase name="Then происходит авторизация пользователя" classname="ru.aplana.steps.DefinitionSteps" time="0.863"/>
  <testcase name="When поиск пользователя: &apos;Корнеев Влад&apos; страна: &apos;Россия&apos; город: &apos;Москва&apos;" classname="ru.aplana.steps.DefinitionSteps" time="7.284"/>
  <testcase name="Then будут найдены пользователи согласно условиям" classname="ru.aplana.steps.DefinitionSteps" time="1.002"/>
  <testcase name="Scenario: Авторизация на vk.com, поиск человека по параметрам, используя выпадающие списки, проверка результатов поиска" classname="Scenario: Авторизация на vk.com, поиск человека по параметрам, используя выпадающие списки, проверка результатов поиска" time="1.171"/>
  <testcase name="LookupADefinition.story" classname="LookupADefinition.story" time="1.335"/>
  <testcase name="AfterStories" classname="java.lang.Object" time="0.003"/>
</testsuite>