<?xml version="1.0" encoding="UTF-8"?>
<testsuite name="ru.aplana.AcceptanceTestSuite" time="0.108" tests="11" errors="0" skipped="6" failures="0">
  <properties>
[...]
</properties>
  <testcase name="BeforeStories" classname="java.lang.Object" time="0.022"/>
  <testcase name="[PENDING] Given the user is on the Wikionary home page" classname="[PENDING] Given the user is on the Wikionary home page" time="0">
    <skipped/>
    <system-out><![CDATA[
Running story stories/consult_dictionary/LookupADefinition.story
Lookup a definition
(stories/consult_dictionary/LookupADefinition.story)
Narrative:
In order to talk better
As a n English student
I want to look up word definitions
Scenario: Looking up the definition of 'apple'
]]></system-out>
    <system-err><![CDATA[[pool-1-thread-1] INFO net.serenitybdd.jbehave.embedders.monitors.ReportingEmbedderMonitor - 1248234350story running with path stories/consult_dictionary/LookupADefinition.story
[pool-1-thread-1] INFO net.serenitybdd.core.Serenity - Test Suite Started: Lookup a definition
[pool-1-thread-1] INFO net.serenitybdd.core.Serenity - 
 _____ _____ ____ _____   ____ _____  _    ____ _____ _____ ____  
|_   _| ____/ ___|_   _| / ___|_   _|/ \  |  _ \_   _| ____|  _ \ 
  | | |  _| \___ \ | |   \___ \ | | / _ \ | |_) || | |  _| | | | |
  | | | |___ ___) || |    ___) || |/ ___ \|  _ < | | | |___| |_| |
  |_| |_____|____/ |_|   |____/ |_/_/   \_\_| \_\|_| |_____|____/ 
                                                                  

TEST STARTED: Looking up the definition of 'apple'
-------------------------------------------------------------------
]]></system-err>
  </testcase>
  <testcase name="[PENDING] When the user looks up the definition of the word &apos;apple&apos;" classname="[PENDING] When the user looks up the definition of the word &apos;apple&apos;" time="0">
    <skipped/>
    <system-out><![CDATA[Given the user is on the Wikionary home page (PENDING)
]]></system-out>
    <system-err><![CDATA[[pool-1-thread-1] INFO net.serenitybdd.core.Serenity - TEST PENDING
]]></system-err>
  </testcase>
  <testcase name="[PENDING] Then they should see the definition &apos;A common, round fruit produced by the tree Malus domestica, cultivated in temperate climates.&apos;" classname="[PENDING] Then they should see the definition &apos;A common, round fruit produced by the tree Malus domestica, cultivated in temperate climates.&apos;" time="0">
    <skipped/>
    <system-out><![CDATA[When the user looks up the definition of the word 'apple' (PENDING)
]]></system-out>
    <system-err><![CDATA[[pool-1-thread-1] INFO net.serenitybdd.core.Serenity - TEST PENDING
]]></system-err>
  </testcase>
  <testcase name="Scenario: Looking up the definition of &apos;apple&apos;" classname="Scenario: Looking up the definition of &apos;apple&apos;" time="0.085"/>
  <testcase name="[PENDING] Given the user is on the Wikionary home page​" classname="[PENDING] Given the user is on the Wikionary home page​" time="0">
    <skipped/>
    <system-out><![CDATA[Using timeout for story LookupADefinition.story of 300 secs.

Scenario: Looking up the definition of 'pear'
]]></system-out>
    <system-err><![CDATA[[pool-1-thread-1] INFO net.serenitybdd.core.Serenity - 
          __  _____ _____ ____ _____   ____  _____ _   _ ____ ___ _   _  ____ 
 _       / / |_   _| ____/ ___|_   _| |  _ \| ____| \ | |  _ \_ _| \ | |/ ___|
(_)____ / /    | | |  _| \___ \ | |   | |_) |  _| |  \| | | | | ||  \| | |  _ 
 |_____/ /     | | | |___ ___) || |   |  __/| |___| |\  | |_| | || |\  | |_| |
(_)   /_/      |_| |_____|____/ |_|   |_|   |_____|_| \_|____/___|_| \_|\____|
                                                                                

TEST PENDING: Looking up the definition of 'apple'
---------------------------------------------------------------------------------
[pool-1-thread-1] INFO net.serenitybdd.core.Serenity - 
 _____ _____ ____ _____   ____ _____  _    ____ _____ _____ ____  
|_   _| ____/ ___|_   _| / ___|_   _|/ \  |  _ \_   _| ____|  _ \ 
  | | |  _| \___ \ | |   \___ \ | | / _ \ | |_) || | |  _| | | | |
  | | | |___ ___) || |    ___) || |/ ___ \|  _ < | | | |___| |_| |
  |_| |_____|____/ |_|   |____/ |_/_/   \_\_| \_\|_| |_____|____/ 
                                                                  

TEST STARTED: Looking up the definition of 'pear'
-------------------------------------------------------------------
]]></system-err>
  </testcase>
  <testcase name="[PENDING] When the user looks up the definition of the word &apos;pear&apos;" classname="[PENDING] When the user looks up the definition of the word &apos;pear&apos;" time="0">
    <skipped/>
    <system-out><![CDATA[Given the user is on the Wikionary home page (PENDING)
]]></system-out>
    <system-err><![CDATA[[pool-1-thread-1] INFO net.serenitybdd.core.Serenity - TEST PENDING
]]></system-err>
  </testcase>
  <testcase name="[PENDING] Then they should see the definition &apos;An edible fruit produced by the pear tree, similar to an apple but elongated towards the stem.&apos;" classname="[PENDING] Then they should see the definition &apos;An edible fruit produced by the pear tree, similar to an apple but elongated towards the stem.&apos;" time="0">
    <skipped/>
    <system-out><![CDATA[When the user looks up the definition of the word 'pear' (PENDING)
]]></system-out>
    <system-err><![CDATA[[pool-1-thread-1] INFO net.serenitybdd.core.Serenity - TEST PENDING
]]></system-err>
  </testcase>
  <testcase name="Scenario: Looking up the definition of &apos;pear&apos;" classname="Scenario: Looking up the definition of &apos;pear&apos;" time="0"/>
  <testcase name="LookupADefinition.story" classname="LookupADefinition.story" time="0"/>
  <testcase name="AfterStories" classname="java.lang.Object" time="0.001"/>
</testsuite>