<?xml version="1.0" encoding="UTF-8"?>
<testsuite name="ru.aplana.AcceptanceTestSuite" time="16.147" tests="7" errors="0" skipped="0" failures="0">
  <properties>
[...]
</properties>
  <testcase name="BeforeStories" classname="java.lang.Object" time="0.004"/>
  <testcase name="Given the user is on the Github Login page and input login &apos;fortestproject12@gmail.com&apos; and password &apos;fortestproject12&apos;" classname="ru.aplana.steps.DefinitionSteps" time="9.492"/>
  <testcase name="When a user add a collaborator &apos;nzvonilov&apos; to the second project in his Github" classname="ru.aplana.steps.DefinitionSteps" time="3.688"/>
  <testcase name="Then he should see the user name of collaborator &apos;nzvonilov&apos; in the list of collaborators and exit the account" classname="ru.aplana.steps.DefinitionSteps" time="0.415"/>
  <testcase name="Scenario: Add collaborator &apos;nzvonilov&apos;" classname="Scenario: Add collaborator &apos;nzvonilov&apos;" time="0.603"/>
  <testcase name="LookupADefinition.story" classname="LookupADefinition.story" time="0.613"/>
  <testcase name="AfterStories" classname="java.lang.Object" time="1.332"/>
</testsuite>